<?xml version="1.0" encoding="UTF-8"?>
<!-- Generated by org.testng.reporters.JUnitReportReporter -->
<testsuite hostname="BINTERNS-QA35L" failures="0" tests="18" name="Testmethod.AppleMac_module" time="23.748" errors="0" timestamp="2023-05-12T16:12:31 IST" skipped="1">
  <testcase classname="Testmethod.AppleMac_module" name="Mac" time="3.337"/>
  <system-out/>
  <testcase classname="Testmethod.AppleMac_module" name="MacPro" time="2.726"/>
  <system-out/>
  <testcase classname="Testmethod.AppleMac_module" name="Mac_pro" time="2.840"/>
  <system-out/>
  <testcase classname="Testmethod.AppleMac_module" name="Heading_pro" time="0.047"/>
  <system-out/>
  <testcase classname="Testmethod.AppleMac_module" name="Movemaker_text" time="0.044"/>
  <system-out/>
  <testcase classname="Testmethod.AppleMac_module" name="Watch_announcemnet" time="5.160"/>
  <system-out/>
  <testcase classname="Testmethod.AppleMac_module" name="Pause" time="2.069"/>
  <system-out/>
  <testcase classname="Testmethod.AppleMac_module" name="Sub_title" time="0.080"/>
  <system-out/>
  <testcase classname="Testmethod.AppleMac_module" name="Sub_titlel" time="0.081"/>
  <system-out/>
  <testcase classname="Testmethod.AppleMac_module" name="Slider" time="2.045"/>
  <system-out/>
  <testcase classname="Testmethod.AppleMac_module" name="FullScreen" time="1.074"/>
  <system-out/>
  <testcase classname="Testmethod.AppleMac_module" name="ExitScreen" time="1.108"/>
  <system-out/>
  <testcase classname="Testmethod.AppleMac_module" name="Mac_14" time="1.891"/>
  <system-out/>
  <testcase classname="Testmethod.AppleMac_module" name="Go_insideM2pro" time="1.113"/>
  <system-out/>
  <testcase classname="Testmethod.AppleMac_module" name="New_chips" time="0.037"/>
  <system-out/>
  <testcase classname="Testmethod.AppleMac_module" name="Better_better" time="0.036"/>
  <system-out/>
  <testcase classname="Testmethod.AppleMac_module" name="Keeps_going" time="0.060"/>
  <system-out/>
  <testcase classname="Testmethod.AppleMac_module" name="Volume">
    <skipped/>
  </testcase> <!-- Volume -->
  <system-out/>
</testsuite> <!-- Testmethod.AppleMac_module -->
