<?xml version="1.0" encoding="UTF-8"?>
<!-- Generated by org.testng.reporters.JUnitReportReporter -->
<testsuite hostname="BINTERNS-QA35L" failures="0" tests="18" name="Testmethod.PharmEasy_Cartpage" time="21.870" errors="0" timestamp="2023-05-05T12:16:38 IST" skipped="0">
  <testcase classname="Testmethod.PharmEasy_Cartpage" name="Search_button" time="0.698"/>
  <system-out/>
  <testcase classname="Testmethod.PharmEasy_Cartpage" name="Search_medicine" time="3.093"/>
  <system-out/>
  <testcase classname="Testmethod.PharmEasy_Cartpage" name="Crocine" time="3.378"/>
  <system-out/>
  <testcase classname="Testmethod.PharmEasy_Cartpage" name="Add_crocine" time="2.149"/>
  <system-out/>
  <testcase classname="Testmethod.PharmEasy_Cartpage" name="Quantity_crocine" time="2.163"/>
  <system-out/>
  <testcase classname="Testmethod.PharmEasy_Cartpage" name="Description" time="2.051"/>
  <system-out/>
  <testcase classname="Testmethod.PharmEasy_Cartpage" name="Summary_Crocine" time="2.067"/>
  <system-out/>
  <testcase classname="Testmethod.PharmEasy_Cartpage" name="Saridon_product2" time="1.570"/>
  <system-out/>
  <testcase classname="Testmethod.PharmEasy_Cartpage" name="AddSaridon_product2" time="1.180"/>
  <system-out/>
  <testcase classname="Testmethod.PharmEasy_Cartpage" name="QunatitySaridon_product2" time="1.152"/>
  <system-out/>
  <testcase classname="Testmethod.PharmEasy_Cartpage" name="View_Cart" time="1.547"/>
  <system-out/>
  <testcase classname="Testmethod.PharmEasy_Cartpage" name="Details_Crocin" time="0.060"/>
  <system-out/>
  <testcase classname="Testmethod.PharmEasy_Cartpage" name="Details_Saridon" time="0.054"/>
  <system-out/>
  <testcase classname="Testmethod.PharmEasy_Cartpage" name="Cart_Total" time="0.070"/>
  <system-out/>
  <testcase classname="Testmethod.PharmEasy_Cartpage" name="Apply_Coupons" time="0.084"/>
  <system-out/>
  <testcase classname="Testmethod.PharmEasy_Cartpage" name="Apply_Coupons1" time="0.406"/>
  <system-out/>
  <testcase classname="Testmethod.PharmEasy_Cartpage" name="Bill_summary" time="0.064"/>
  <system-out/>
  <testcase classname="Testmethod.PharmEasy_Cartpage" name="Amount_Paid" time="0.084"/>
  <system-out/>
</testsuite> <!-- Testmethod.PharmEasy_Cartpage -->
