<?xml version="1.0" encoding="UTF-8"?>
<!-- Generated by org.testng.reporters.JUnitReportReporter -->
<testsuite hostname="BINTERNS-QA35L" failures="0" tests="24" name="Testmethod.Apple_footer" time="74.644" errors="0" timestamp="2023-05-12T16:10:46 IST" skipped="1">
  <testcase classname="Testmethod.Apple_footer" name="footer" time="0.113"/>
  <system-out/>
  <testcase classname="Testmethod.Apple_footer" name="Shop1" time="7.607"/>
  <system-out/>
  <testcase classname="Testmethod.Apple_footer" name="Mac1" time="3.246"/>
  <system-out/>
  <testcase classname="Testmethod.Apple_footer" name="Ipad1" time="4.788"/>
  <system-out/>
  <testcase classname="Testmethod.Apple_footer" name="Iphone1" time="4.791"/>
  <system-out/>
  <testcase classname="Testmethod.Apple_footer" name="Watch1" time="3.766"/>
  <system-out/>
  <testcase classname="Testmethod.Apple_footer" name="Tv1" time="4.194"/>
  <system-out/>
  <testcase classname="Testmethod.Apple_footer" name="Airtag1" time="2.971"/>
  <system-out/>
  <testcase classname="Testmethod.Apple_footer" name="Accessories1" time="5.937"/>
  <system-out/>
  <testcase classname="Testmethod.Apple_footer" name="Gift1" time="4.811"/>
  <system-out/>
  <testcase classname="Testmethod.Apple_footer" name="Apple_wallet" time="0.115"/>
  <system-out/>
  <testcase classname="Testmethod.Apple_footer" name="Wallet" time="2.219"/>
  <system-out/>
  <testcase classname="Testmethod.Apple_footer" name="Account" time="0.106"/>
  <system-out/>
  <testcase classname="Testmethod.Apple_footer" name="Manage_id" time="3.781"/>
  <system-out/>
  <testcase classname="Testmethod.Apple_footer" name="Apple_store" time="9.349"/>
  <system-out/>
  <testcase classname="Testmethod.Apple_footer" name="Icloud" time="3.507"/>
  <system-out/>
  <testcase classname="Testmethod.Apple_footer" name="Entertain" time="0.099"/>
  <system-out/>
  <testcase classname="Testmethod.Apple_footer" name="Apple_one" time="1.628"/>
  <system-out/>
  <testcase classname="Testmethod.Apple_footer" name="Apple_tv" time="1.984"/>
  <system-out/>
  <testcase classname="Testmethod.Apple_footer" name="Apple_music" time="1.736"/>
  <system-out/>
  <testcase classname="Testmethod.Apple_footer" name="Apple_arcade" time="2.088"/>
  <system-out/>
  <testcase classname="Testmethod.Apple_footer" name="Apple_podcasts" time="3.099"/>
  <system-out/>
  <testcase classname="Testmethod.Apple_footer" name="Applestore" time="2.709"/>
  <system-out/>
  <testcase classname="Testmethod.Apple_footer" name="Airpods1">
    <skipped/>
  </testcase> <!-- Airpods1 -->
  <system-out/>
</testsuite> <!-- Testmethod.Apple_footer -->
