<?xml version="1.0" encoding="UTF-8"?>
<!-- Generated by org.testng.reporters.JUnitReportReporter -->
<testsuite hostname="BINTERNS-QA35L" failures="0" tests="5" name="Test_method.demobank_personallogin" time="4.334" errors="0" timestamp="2023-05-30T11:42:15 IST" skipped="0">
  <testcase classname="Test_method.demobank_personallogin" name="Internet_banking" time="1.074"/>
  <system-out/>
  <testcase classname="Test_method.demobank_personallogin" name="Personal_login" time="1.079"/>
  <system-out/>
  <testcase classname="Test_method.demobank_personallogin" name="Disclaimer" time="0.033"/>
  <system-out/>
  <testcase classname="Test_method.demobank_personallogin" name="Modalbody" time="1.060"/>
  <system-out/>
  <testcase classname="Test_method.demobank_personallogin" name="Agree" time="1.088"/>
  <system-out/>
</testsuite> <!-- Test_method.demobank_personallogin -->
