<?xml version="1.0" encoding="UTF-8"?>
<!-- Generated by org.testng.reporters.JUnitReportReporter -->
<testsuite hostname="BINTERNS-QA35L" failures="0" tests="2" name="parameter.Child" time="3.431" errors="0" timestamp="2023-03-29T12:00:21 IST" skipped="0">
  <testcase classname="parameter.Child" name="Login1" time="1.944"/>
  <system-out/>
  <testcase classname="parameter.Child" name="Login" time="1.487"/>
  <system-out/>
</testsuite> <!-- parameter.Child -->
