<?xml version="1.0" encoding="UTF-8"?>
<!-- Generated by org.testng.reporters.JUnitReportReporter -->
<testsuite hostname="BINTERNS-QA35L" failures="0" tests="2" name="assignment29.testscenario_2" time="9.195" errors="0" timestamp="2023-03-28T18:23:53 IST" skipped="0">
  <testcase classname="assignment29.testscenario_2" name="getALL" time="9.177"/>
  <system-out/>
  <testcase classname="assignment29.testscenario_2" name="linkCount" time="0.018"/>
  <system-out/>
</testsuite> <!-- assignment29.testscenario_2 -->
