<?xml version="1.0" encoding="UTF-8"?>
<!-- Generated by org.testng.reporters.JUnitReportReporter -->
<testsuite hostname="BINTERNS-QA35L" failures="0" tests="5" name="Bootcamp.Facebook004test.data_Provider" time="0.007" errors="0" timestamp="2023-03-27T16:59:17 IST" skipped="0">
  <testcase classname="Bootcamp.Facebook004test.data_Provider" name="test" time="0.000"/>
  <system-out/>
  <testcase classname="Bootcamp.Facebook004test.data_Provider" name="test" time="0.000"/>
  <system-out/>
  <testcase classname="Bootcamp.Facebook004test.data_Provider" name="test" time="0.005"/>
  <system-out/>
  <testcase classname="Bootcamp.Facebook004test.data_Provider" name="test" time="0.001"/>
  <system-out/>
  <testcase classname="Bootcamp.Facebook004test.data_Provider" name="test" time="0.001"/>
  <system-out/>
</testsuite> <!-- Bootcamp.Facebook004test.data_Provider -->
