<?xml version="1.0" encoding="UTF-8"?>
<!-- Generated by org.testng.reporters.JUnitReportReporter -->
<testsuite hostname="BINTERNS-QA35L" failures="0" tests="1" name="Dependency.Assertion1" time="2.191" errors="0" timestamp="2023-03-29T14:53:13 IST" skipped="0">
  <testcase classname="Dependency.Assertion1" name="setup" time="2.191"/>
  <system-out/>
</testsuite> <!-- Dependency.Assertion1 -->
