<?xml version="1.0" encoding="UTF-8"?>
<!-- Generated by org.testng.reporters.JUnitReportReporter -->
<testsuite hostname="BINTERNS-QA35L" failures="0" tests="2" name="Dependency.dependency1" time="0.008" errors="0" timestamp="2023-03-29T13:54:36 IST" skipped="0">
  <testcase classname="Dependency.dependency1" name="testOne" time="0.001"/>
  <system-out/>
  <testcase classname="Dependency.dependency1" name="testTwo" time="0.007"/>
  <system-out/>
</testsuite> <!-- Dependency.dependency1 -->
