<?xml version="1.0" encoding="UTF-8"?>
<!-- Generated by org.testng.reporters.JUnitReportReporter -->
<testsuite hostname="BINTERNS-QA35L" failures="0" tests="1" name="assignment29.scenario_1" time="10.455" errors="0" timestamp="2023-03-29T14:48:43 IST" skipped="0">
  <testcase classname="assignment29.scenario_1" name="Setup" time="10.455"/>
  <system-out/>
</testsuite> <!-- assignment29.scenario_1 -->
