<?xml version="1.0" encoding="UTF-8"?>
<!-- Generated by org.testng.reporters.JUnitReportReporter -->
<testsuite hostname="BINTERNS-QA35L" failures="0" tests="1" name="parameter.Super" time="4.081" errors="0" timestamp="2023-03-29T12:00:08 IST" skipped="0">
  <testcase classname="parameter.Super" name="Login" time="4.081"/>
  <system-out/>
</testsuite> <!-- parameter.Super -->
