<?xml version="1.0" encoding="UTF-8"?>
<!-- Generated by org.testng.reporters.JUnitReportReporter -->
<testsuite hostname="BINTERNS-QA35L" failures="0" tests="1" name="Bootcamp.Facebook004test.Testcase1" time="0.008" errors="0" timestamp="2023-03-27T13:42:46 IST" skipped="0">
  <testcase classname="Bootcamp.Facebook004test.Testcase1" name="test" time="0.008"/>
  <system-out/>
</testsuite> <!-- Bootcamp.Facebook004test.Testcase1 -->
