<?xml version="1.0" encoding="UTF-8"?>
<!-- Generated by org.testng.reporters.JUnitReportReporter -->
<testsuite hostname="BINTERNS-QA35L" failures="0" tests="2" name="Group.Group2$Car_loan" time="0.007" errors="0" timestamp="2023-03-29T12:30:25 IST" skipped="0">
  <testcase classname="Group.Group2$Car_loan" name="MobileLoginCarLoan" time="0.001"/>
  <system-out/>
  <testcase classname="Group.Group2$Car_loan" name="APILoginCarLoan" time="0.006"/>
  <system-out/>
</testsuite> <!-- Group.Group2$Car_loan -->
