<?xml version="1.0" encoding="UTF-8"?>
<!-- Generated by org.testng.reporters.JUnitReportReporter -->
<testsuite hostname="BINTERNS-QA35L" failures="0" tests="1" name="Bigbasket.count" time="24.135" errors="0" timestamp="2023-03-31T08:39:27 IST" skipped="0">
  <testcase classname="Bigbasket.count" name="add" time="24.135"/>
  <system-out/>
</testsuite> <!-- Bigbasket.count -->
