<?xml version="1.0" encoding="UTF-8"?>
<!-- Generated by org.testng.reporters.JUnitReportReporter -->
<testsuite hostname="BINTERNS-QA35L" failures="0" tests="1" name="Bigbasket.Bigbaket_functionality" time="58.421" errors="0" timestamp="2023-03-31T09:59:10 IST" skipped="0">
  <testcase classname="Bigbasket.Bigbaket_functionality" name="Login1" time="58.421"/>
  <system-out/>
</testsuite> <!-- Bigbasket.Bigbaket_functionality -->
