<?xml version="1.0" encoding="UTF-8"?>
<!-- Generated by org.testng.reporters.JUnitReportReporter -->
<testsuite hostname="BINTERNS-QA35L" failures="0" tests="3" name="Dependency.Multiple_dependency" time="0.007" errors="0" timestamp="2023-03-29T13:55:25 IST" skipped="0">
  <testcase classname="Dependency.Multiple_dependency" name="testOne" time="0.001"/>
  <system-out/>
  <testcase classname="Dependency.Multiple_dependency" name="testThree" time="0.005"/>
  <system-out/>
  <testcase classname="Dependency.Multiple_dependency" name="testTwo" time="0.001"/>
  <system-out/>
</testsuite> <!-- Dependency.Multiple_dependency -->
