<?xml version="1.0" encoding="UTF-8"?>
<!-- Generated by org.testng.reporters.JUnitReportReporter -->
<testsuite hostname="BINTERNS-QA35L" failures="0" tests="1" name="parameter.passvalue" time="0.008" errors="0" timestamp="2023-03-29T11:35:26 IST" skipped="0">
  <testcase classname="parameter.passvalue" name="add" time="0.008"/>
  <system-out/>
</testsuite> <!-- parameter.passvalue -->
