<?xml version="1.0" encoding="UTF-8"?>
<!-- Generated by org.testng.reporters.JUnitReportReporter -->
<testsuite hostname="BINTERNS-QA35L" failures="0" tests="1" name="parameter.subtract" time="0.001" errors="0" timestamp="2023-03-29T11:35:26 IST" skipped="0">
  <testcase classname="parameter.subtract" name="add" time="0.001"/>
  <system-out/>
</testsuite> <!-- parameter.subtract -->
