<?xml version="1.0" encoding="UTF-8"?>
<!-- Generated by org.testng.reporters.JUnitReportReporter -->
<testsuite hostname="BINTERNS-QA35L" failures="0" tests="2" name="Bootcamp.Facebook004test.Testcase2" time="0.004" errors="0" timestamp="2023-03-27T13:42:46 IST" skipped="0">
  <testcase classname="Bootcamp.Facebook004test.Testcase2" name="test2" time="0.002"/>
  <system-out/>
  <testcase classname="Bootcamp.Facebook004test.Testcase2" name="test3" time="0.002"/>
  <system-out/>
</testsuite> <!-- Bootcamp.Facebook004test.Testcase2 -->
