<?xml version="1.0" encoding="UTF-8"?>
<!-- Generated by org.testng.reporters.JUnitReportReporter -->
<testsuite hostname="BINTERNS-QA35L" failures="0" tests="2" name="POM_2.Orange_lo" time="2.033" errors="0" timestamp="2023-04-04T10:19:13 IST" skipped="0">
  <testcase classname="POM_2.Orange_lo" name="test_Logo" time="0.058"/>
  <system-out/>
  <testcase classname="POM_2.Orange_lo" name="enter" time="1.975"/>
  <system-out/>
</testsuite> <!-- POM_2.Orange_lo -->
