<?xml version="1.0" encoding="UTF-8"?>
<!-- Generated by org.testng.reporters.JUnitReportReporter -->
<testsuite hostname="BINTERNS-QA35L" failures="0" tests="3" name="Test.Orange_test" time="2.331" errors="0" timestamp="2023-04-05T12:12:55 IST" skipped="2">
  <testcase classname="Test.Orange_test" name="Invalid_credentials" time="2.331"/>
  <system-out/>
  <testcase classname="Test.Orange_test" name="valid_credentials">
    <skipped/>
  </testcase> <!-- valid_credentials -->
  <system-out/>
  <testcase classname="Test.Orange_test" name="Check">
    <skipped/>
  </testcase> <!-- Check -->
  <system-out/>
</testsuite> <!-- Test.Orange_test -->
