<?xml version="1.0" encoding="UTF-8"?>
<!-- Generated by org.testng.reporters.JUnitReportReporter -->
<testsuite hostname="BINTERNS-QA35L" failures="0" tests="1" name="POMEXAMPLE.POM_EXAMPLE.sample_1" time="11.363" errors="0" timestamp="2023-04-05T17:42:20 IST" skipped="0">
  <testcase classname="POMEXAMPLE.POM_EXAMPLE.sample_1" name="start" time="11.363"/>
  <system-out/>
</testsuite> <!-- POMEXAMPLE.POM_EXAMPLE.sample_1 -->
