<?xml version="1.0" encoding="UTF-8"?>
<!-- Generated by org.testng.reporters.JUnitReportReporter -->
<testsuite hostname="BINTERNS-QA35L" failures="0" tests="1" name="POMEXAMPLE.POM_EXAMPLE.Music" time="6.358" errors="0" timestamp="2023-04-05T17:34:12 IST" skipped="0">
  <testcase classname="POMEXAMPLE.POM_EXAMPLE.Music" name="start" time="6.358"/>
  <system-out/>
</testsuite> <!-- POMEXAMPLE.POM_EXAMPLE.Music -->
