<?xml version="1.0" encoding="UTF-8"?>
<!-- Generated by org.testng.reporters.JUnitReportReporter -->
<testsuite hostname="BINTERNS-QA35L" failures="0" tests="2" name="Test.Orange_lo" time="1.515" errors="0" timestamp="2023-04-03T11:54:21 IST" skipped="0">
  <testcase classname="Test.Orange_lo" name="test_Logo" time="0.066"/>
  <system-out/>
  <testcase classname="Test.Orange_lo" name="enter" time="1.449"/>
  <system-out/>
</testsuite> <!-- Test.Orange_lo -->
