<?xml version="1.0" encoding="UTF-8"?>
<!-- Generated by org.testng.reporters.JUnitReportReporter -->
<testsuite hostname="BINTERNS-QA35L" failures="0" tests="1" name="Test.Handlings" time="8.963" errors="0" timestamp="2023-04-05T12:48:18 IST" skipped="0">
  <testcase classname="Test.Handlings" name="iframe" time="8.963"/>
  <system-out/>
</testsuite> <!-- Test.Handlings -->
