<?xml version="1.0" encoding="UTF-8"?>
<!-- Generated by org.testng.reporters.JUnitReportReporter -->
<testsuite hostname="BINTERNS-QA35L" failures="0" tests="1" name="Page_object.Utube" time="15.438" errors="0" timestamp="2023-04-07T10:44:52 IST" skipped="0">
  <testcase classname="Page_object.Utube" name="start" time="15.438"/>
  <system-out/>
</testsuite> <!-- Page_object.Utube -->
